0 info it worked if it ends with ok
1 verbose cli [ '/usr/local/bin/node', '/usr/local/bin/npm', 'run', 'start' ]
2 info using npm@4.0.5
3 info using node@v6.9.2
4 verbose run-script [ 'prestart', 'start', 'poststart' ]
5 info lifecycle mizner-wordpress-plugin@1.0.0~prestart: mizner-wordpress-plugin@1.0.0
6 silly lifecycle mizner-wordpress-plugin@1.0.0~prestart: no script for prestart, continuing
7 info lifecycle mizner-wordpress-plugin@1.0.0~start: mizner-wordpress-plugin@1.0.0
8 verbose lifecycle mizner-wordpress-plugin@1.0.0~start: unsafe-perm in lifecycle true
9 verbose lifecycle mizner-wordpress-plugin@1.0.0~start: PATH: /usr/local/lib/node_modules/npm/bin/node-gyp-bin:/Users/miz/Local Sites/plugins/app/public/wp-content/plugins/plugin-core/node_modules/.bin:/usr/local/sbin:/usr/local/bin:/Library/Frameworks/Python.framework/Versions/3.4/bin:/usr/bin:/bin:/usr/sbin:/sbin:/usr/local/bin:/Users/miz/bin:/Users/miz/.composer/vendor/bin
10 verbose lifecycle mizner-wordpress-plugin@1.0.0~start: CWD: /Users/miz/Local Sites/plugins/app/public/wp-content/plugins/plugin-core
11 silly lifecycle mizner-wordpress-plugin@1.0.0~start: Args: [ '-c', 'webpack --watch --progress --colors --hot --inline' ]
12 silly lifecycle mizner-wordpress-plugin@1.0.0~start: Returned: code: 1  signal: null
13 info lifecycle mizner-wordpress-plugin@1.0.0~start: Failed to exec start script
14 verbose stack Error: mizner-wordpress-plugin@1.0.0 start: `webpack --watch --progress --colors --hot --inline`
14 verbose stack Exit status 1
14 verbose stack     at EventEmitter.<anonymous> (/usr/local/lib/node_modules/npm/lib/utils/lifecycle.js:279:16)
14 verbose stack     at emitTwo (events.js:106:13)
14 verbose stack     at EventEmitter.emit (events.js:191:7)
14 verbose stack     at ChildProcess.<anonymous> (/usr/local/lib/node_modules/npm/lib/utils/spawn.js:40:14)
14 verbose stack     at emitTwo (events.js:106:13)
14 verbose stack     at ChildProcess.emit (events.js:191:7)
14 verbose stack     at maybeClose (internal/child_process.js:877:16)
14 verbose stack     at Process.ChildProcess._handle.onexit (internal/child_process.js:226:5)
15 verbose pkgid mizner-wordpress-plugin@1.0.0
16 verbose cwd /Users/miz/Local Sites/plugins/app/public/wp-content/plugins/plugin-core
17 error Darwin 15.6.0
18 error argv "/usr/local/bin/node" "/usr/local/bin/npm" "run" "start"
19 error node v6.9.2
20 error npm  v4.0.5
21 error code ELIFECYCLE
22 error mizner-wordpress-plugin@1.0.0 start: `webpack --watch --progress --colors --hot --inline`
22 error Exit status 1
23 error Failed at the mizner-wordpress-plugin@1.0.0 start script 'webpack --watch --progress --colors --hot --inline'.
23 error Make sure you have the latest version of node.js and npm installed.
23 error If you do, this is most likely a problem with the mizner-wordpress-plugin package,
23 error not with npm itself.
23 error Tell the author that this fails on your system:
23 error     webpack --watch --progress --colors --hot --inline
23 error You can get information on how to open an issue for this project with:
23 error     npm bugs mizner-wordpress-plugin
23 error Or if that isn't available, you can get their info via:
23 error     npm owner ls mizner-wordpress-plugin
23 error There is likely additional logging output above.
24 verbose exit [ 1, true ]
